TIME_TO_SIMULATE=10
S2.1: Log { (1 1) }
S1.1: Log { (1 1) }
S3.1: Log { (1 1) }
S2.1: switched to follower mode.
S1.1: switched to follower mode.
S3.1: switched to follower mode.
S2.2: switched to candidate mode.
S3.3: switched to candidate mode.
S2.3: switched to follower mode.
S1.4: switched to candidate mode.
S3.4: switched to follower mode.
S2.5: switched to candidate mode.
S1.5: switched to follower mode.
S1.6: switched to candidate mode.
S2.6: switched to candidate mode.
S1.7: switched to candidate mode.
S2.7: switched to follower mode.
S2.8: switched to candidate mode.
S1.8: switched to follower mode.
 Server 2 got 2 votes 
S2.8: switched to leader mode.
S1.9: switched to candidate mode.
S2.9: switched to follower mode.
S2.10: switched to candidate mode.
 Server 2 got 2 votes 
S2.10: switched to leader mode.
S1.11: switched to candidate mode.
S2.11: switched to follower mode.
S2.12: switched to candidate mode.
 Server 2 got 2 votes 
S2.12: switched to leader mode.
S1.13: switched to candidate mode.
S2.13: switched to follower mode.
 Server 1 got 2 votes 
S1.13: switched to leader mode.
S2.14: switched to candidate mode.
S1.14: switched to follower mode.
S1.15: switched to candidate mode.
 Server 1 got 2 votes 
S1.15: switched to leader mode.
S2.16: switched to candidate mode.
S1.16: switched to follower mode.
S1.17: switched to candidate mode.
S1.18: switched to candidate mode.
S2.19: switched to candidate mode.
S3.7: switched to candidate mode.
S1.19: switched to follower mode.
S3.7: switched to follower mode.
S3.8: switched to candidate mode.
S1.20: switched to candidate mode.
S1.21: switched to candidate mode.
S2.22: switched to candidate mode.
S1.23: switched to candidate mode.
S2.23: switched to follower mode.
S3.24: switched to candidate mode.
S2.24: switched to candidate mode.
S1.24: switched to follower mode.
S3.25: switched to candidate mode.
S1.26: switched to candidate mode.
S2.26: switched to candidate mode.
S3.26: switched to follower mode.
 Server 1 got 2 votes 
S1.26: switched to leader mode.
S2.26: switched to follower mode.
 Server 1 got 2 votes 
 Server 1 got 2 votes 
 Server 2 got 2 votes 
S2.26: switched to leader mode.
S3.27: switched to candidate mode.
 Server 2 got 2 votes 
S1.27: switched to candidate mode.
S3.28: switched to candidate mode.
S2.27: switched to follower mode.
S1.28: switched to follower mode.
S1.29: switched to candidate mode.
S2.30: switched to candidate mode.
S3.31: switched to candidate mode.
S2.31: switched to follower mode.
S2.32: switched to candidate mode.
S1.33: switched to candidate mode.
S2.33: switched to follower mode.
S2.34: switched to candidate mode.
S1.34: switched to candidate mode.
S3.34: switched to candidate mode.
S1.34: switched to follower mode.
 Server 2 got 2 votes 
S2.34: switched to leader mode.
 Server 1 got 3 votes 
S1.34: switched to leader mode.
S2.35: switched to candidate mode.
S1.35: switched to follower mode.
S2.35: switched to follower mode.
S3.36: switched to candidate mode.
S2.37: switched to candidate mode.
S2.38: switched to candidate mode.
S3.38: switched to candidate mode.
S1.39: switched to candidate mode.
S2.38: switched to follower mode.
S1.40: switched to candidate mode.
S1.40: switched to follower mode.
S1.41: switched to candidate mode.
S1.42: switched to candidate mode.
S3.43: switched to candidate mode.
S1.43: switched to follower mode.
 Server 3 got 2 votes 
S3.43: switched to leader mode.
S1.44: switched to candidate mode.
S3.44: switched to follower mode.
S1.44: switched to follower mode.
 Server 1 got 2 votes 
S1.44: switched to leader mode.
S3.45: switched to candidate mode.
S3.46: switched to candidate mode.
S1.45: switched to follower mode.
S1.47: switched to candidate mode.
S3.47: switched to follower mode.
S1.48: switched to candidate mode.
S1.48: switched to follower mode.
S3.49: switched to candidate mode.
 Server 3 got 2 votes 
S3.49: switched to leader mode.
S1.50: switched to candidate mode.
S3.50: switched to follower mode.
S1.50: switched to follower mode.
S3.51: switched to candidate mode.
 Server 1 got 2 votes 
S1.50: switched to leader mode.
S1.51: switched to follower mode.
S3.52: switched to candidate mode.
 Server 3 got 2 votes 
S3.52: switched to leader mode.
S1.53: switched to candidate mode.
S3.53: switched to follower mode.
S1.53: switched to follower mode.
S1.54: switched to candidate mode.
S3.55: switched to candidate mode.
S1.55: switched to follower mode.
 Server 3 got 2 votes 
S3.55: switched to leader mode.
S3.56: switched to candidate mode.
S3.56: switched to follower mode.
S1.57: switched to candidate mode.
S3.58: switched to candidate mode.
S1.58: switched to follower mode.
S1.59: switched to candidate mode.
S3.59: switched to follower mode.
S1.60: switched to candidate mode.
S1.60: switched to follower mode.
S1.61: switched to candidate mode.
S3.62: switched to candidate mode.
S1.62: switched to follower mode.
S1.63: switched to candidate mode.
S3.64: switched to candidate mode.
S1.64: switched to candidate mode.
S3.65: switched to candidate mode.
S1.65: switched to follower mode.
S1.66: switched to candidate mode.
S3.66: switched to follower mode.
S3.67: switched to candidate mode.
S1.68: switched to candidate mode.
S3.69: switched to candidate mode.
S2.39: Log { (1 1) }
S1.70: switched to candidate mode.
S3.71: switched to candidate mode.
S1.72: switched to candidate mode.
S3.73: switched to candidate mode.
 Server 1 got 2 votes 
S1.72: switched to leader mode.
S1.73: switched to follower mode.
S3.73: switched to follower mode.
S1.74: switched to candidate mode.
S1.75: switched to candidate mode.
S3.75: switched to candidate mode.
S2.39: switched to follower mode.
 Server 1 got 2 votes 
S1.75: switched to leader mode.
 Server 1 got 2 votes 
 Server 1 got 2 votes 
S3.76: switched to candidate mode.
S3.77: switched to candidate mode.
S1.76: switched to follower mode.
 Server 3 got 2 votes 
S3.77: switched to leader mode.
 Server 3 got 2 votes 
S1.78: switched to candidate mode.
S3.78: switched to follower mode.
 Server 1 got 3 votes 
S1.78: switched to leader mode.
S3.79: switched to candidate mode.
S1.79: switched to candidate mode.
S1.79: switched to follower mode.
S3.79: switched to follower mode.
 Server 3 got 2 votes 
S3.79: switched to leader mode.
 Server 3 got 2 votes 
S1.80: switched to candidate mode.
S3.80: switched to follower mode.
S3.81: switched to candidate mode.
S1.80: switched to follower mode.
S1.82: switched to candidate mode.
S3.82: switched to follower mode.
S3.83: switched to candidate mode.
S3.83: switched to follower mode.
S3.84: switched to candidate mode.
S1.85: switched to candidate mode.
S3.85: switched to follower mode.
S1.85: switched to follower mode.
S3.86: switched to candidate mode.
S3.87: switched to candidate mode.
S1.88: switched to candidate mode.
S3.88: switched to follower mode.
S3.89: switched to candidate mode.
S1.90: switched to candidate mode.
S3.90: switched to follower mode.
S3.91: switched to candidate mode.
S1.91: switched to follower mode.
S3.92: switched to candidate mode.
 Server 3 got 3 votes 
S3.92: switched to leader mode.
 Server 3 got 3 votes 
 Server 3 got 3 votes 
S1.93: switched to candidate mode.
S3.93: switched to candidate mode.
S3.93: switched to follower mode.
S1.94: switched to candidate mode.
S1.94: switched to follower mode.
S1.95: switched to candidate mode.
S3.96: switched to candidate mode.
S3.97: switched to candidate mode.
S3.97: switched to follower mode.
S3.98: switched to candidate mode.S1.98: switched to candidate mode.

S1.98: switched to follower mode.
 Server 1 got 3 votes 
S1.98: switched to leader mode.
S3.99: switched to candidate mode.
S1.99: switched to follower mode.
S3.99: switched to follower mode.
S1.100: switched to candidate mode.
S1.101: switched to candidate mode.
S1.101: switched to follower mode.
S3.102: switched to candidate mode.
 Server 3 got 3 votes 
S3.102: switched to leader mode.
S1.103: switched to candidate mode.
S3.103: switched to candidate mode.
S3.103: switched to follower mode.S1.103: switched to follower mode.

S1.104: switched to candidate mode.
S1.104: switched to follower mode.
 Server 1 got 3 votes 
S1.104: switched to leader mode.
S3.105: switched to candidate mode.
S1.105: switched to follower mode.
S3.105: switched to follower mode.
S3.106: switched to candidate mode.
S1.107: switched to candidate mode.
S1.107: switched to follower mode.
S1.108: switched to candidate mode.
S3.109: switched to candidate mode.
S1.109: switched to follower mode.
S3.109: switched to follower mode.
S1.110: switched to candidate mode.
S1.110: switched to follower mode.
S3.111: switched to candidate mode.
S1.112: switched to candidate mode.
S1.112: switched to follower mode.
S3.113: switched to candidate mode.
S3.113: switched to follower mode.
S1.114: switched to candidate mode.
S1.115: switched to candidate mode.
S1.115: switched to follower mode.
S3.116: switched to candidate mode.
S1.117: switched to candidate mode.
S3.118: switched to candidate mode.
S1.118: switched to follower mode.
S3.118: switched to follower mode.
S1.119: switched to candidate mode.
S3.120: switched to candidate mode.
S1.120: switched to candidate mode.
S3.120: switched to follower mode.
S1.120: switched to follower mode.
S1.121: switched to candidate mode.
S3.122: switched to candidate mode.
S1.123: switched to candidate mode.
S1.123: switched to follower mode.
S1.124: switched to candidate mode.
S1.124: switched to follower mode.
S1.125: switched to candidate mode.
S3.126: switched to candidate mode.
S1.127: switched to candidate mode.
S1.128: switched to candidate mode.
S3.127: switched to follower mode.
S3.129: switched to candidate mode.
S1.129: switched to follower mode.
S3.130: switched to candidate mode.
S3.130: switched to follower mode.
S1.131: switched to candidate mode.
S1.132: switched to candidate mode.
S3.133: switched to candidate mode.
S1.133: switched to follower mode.
 Server 3 got 3 votes 
S3.133: switched to leader mode.
S1.134: switched to candidate mode.
S3.134: switched to follower mode.
S1.135: switched to candidate mode.
S3.136: switched to candidate mode.
S3.137: switched to candidate mode.
S1.138: switched to candidate mode.
S3.138: switched to follower mode.
S3.139: switched to candidate mode.
S1.140: switched to candidate mode.
S1.141: switched to candidate mode.
 Server 1 got 2 votes 
S1.141: switched to leader mode.
 Server 1 got 2 votes 
S3.142: switched to candidate mode.
 Server 1 got 2 votes 
S1.142: switched to follower mode.
 Server 3 got 2 votes 
S3.142: switched to leader mode.
 Server 3 got 2 votes 
S3.143: switched to candidate mode.
S1.144: switched to candidate mode.
S3.143: switched to follower mode.
 Server 1 got 2 votes 
S1.144: switched to leader mode.
 Server 1 got 2 votes 
S3.145: switched to candidate mode.
S3.146: switched to candidate mode.
S1.145: switched to follower mode.
S3.146: switched to follower mode.
S1.147: switched to candidate mode.
S1.148: switched to candidate mode.
S1.148: switched to follower mode.
S3.149: switched to candidate mode.
S3.150: switched to candidate mode.
S1.151: switched to candidate mode.
S3.151: switched to follower mode.
S1.152: switched to candidate mode.
S1.152: switched to follower mode.
S3.153: switched to candidate mode.
S3.153: switched to follower mode.
S3.154: switched to candidate mode.
S3.155: switched to candidate mode.
S3.156: switched to candidate mode.
S1.157: switched to candidate mode.
S3.156: switched to follower mode.
 Server 1 got 3 votes 
S1.157: switched to leader mode.
S3.158: switched to candidate mode.
S1.158: switched to follower mode.
S3.159: switched to candidate mode.
S3.160: switched to candidate mode.
S3.160: switched to follower mode.
S1.161: switched to candidate mode.
 Server 1 got 3 votes 
S1.161: switched to leader mode.
S3.162: switched to candidate mode.
S3.163: switched to candidate mode.
S1.162: switched to follower mode.
S3.163: switched to follower mode.
S1.164: switched to candidate mode.
 Server 3 got 2 votes 
S3.163: switched to leader mode.
S3.164: switched to follower mode.
 Server 1 got 2 votes 
S1.164: switched to leader mode.
S3.165: switched to candidate mode.
S3.166: switched to candidate mode.
S1.165: switched to follower mode.
S3.166: switched to follower mode.
S1.167: switched to candidate mode.
S1.167: switched to follower mode.
S3.168: switched to candidate mode.
S3.168: switched to follower mode.
S1.169: switched to candidate mode.
S3.170: switched to candidate mode.
S3.170: switched to follower mode.
S3.171: switched to candidate mode.
S1.172: switched to candidate mode.
S1.172: switched to follower mode.
S3.173: switched to candidate mode.
S3.173: switched to follower mode.
S3.174: switched to candidate mode.
S1.175: switched to candidate mode.
S3.175: switched to follower mode.
S3.176: switched to candidate mode.
S1.177: switched to candidate mode.
S3.178: switched to candidate mode.
S1.178: switched to follower mode.
S3.178: switched to follower mode.
S3.179: switched to candidate mode.
S3.179: switched to follower mode.
S1.180: switched to candidate mode.
S3.181: switched to candidate mode.
 Server 3 got 2 votes 
S3.181: switched to leader mode.
S1.182: switched to candidate mode.
S3.182: switched to follower mode.
S1.182: switched to follower mode.
 Server 1 got 3 votes 
S1.182: switched to leader mode.
S3.183: switched to candidate mode.
S1.183: switched to follower mode.
S3.183: switched to follower mode.
S1.184: switched to candidate mode.
S3.185: switched to candidate mode.
S3.186: switched to candidate mode.
S3.186: switched to follower mode.
S1.187: switched to candidate mode.
S3.188: switched to candidate mode.
S1.188: switched to follower mode.
S3.188: switched to follower mode.
S1.189: switched to candidate mode.
S3.190: switched to candidate mode.
S1.191: switched to candidate mode.
S3.191: switched to follower mode.
S1.191: switched to follower mode.
S3.192: switched to candidate mode.
S3.193: switched to candidate mode.
S3.193: switched to follower mode.
S1.194: switched to candidate mode.
S1.194: switched to follower mode.
S1.195: switched to candidate mode.
S1.196: switched to candidate mode.
 Server 1 got 3 votes 
S1.196: switched to leader mode.
S3.197: switched to candidate mode.
S1.197: switched to follower mode.
 Server 3 got 2 votes 
S3.197: switched to leader mode.
 Server 3 got 2 votes 
S3.198: switched to candidate mode.
S3.198: switched to follower mode.
S1.199: switched to candidate mode.
 Server 1 got 2 votes 
S1.199: switched to leader mode.
 Server 1 got 2 votes 
S3.200: switched to candidate mode.
S1.200: switched to follower mode.
S3.201: switched to candidate mode.
S3.201: switched to follower mode.
S1.202: switched to candidate mode.
S1.202: switched to follower mode.
 Server 1 got 3 votes 
S1.202: switched to leader mode.
S3.203: switched to candidate mode.
S3.204: switched to candidate mode.
S1.203: switched to follower mode.
S3.204: switched to follower mode.
S1.205: switched to candidate mode.
S1.205: switched to follower mode.
S1.206: switched to candidate mode.
S1.206: switched to follower mode.
S3.207: switched to candidate mode.
S3.208: switched to candidate mode.
S3.208: switched to follower mode.
S1.209: switched to candidate mode.
S1.209: switched to follower mode.
S3.210: switched to candidate mode.
S3.210: switched to follower mode.
S1.211: switched to candidate mode.
 Server 3 got 2 votes 
S3.210: switched to leader mode.
S1.211: switched to follower mode.
S3.211: switched to follower mode.
S1.212: switched to candidate mode.
S1.212: switched to follower mode.
S3.213: switched to candidate mode.
S3.213: switched to follower mode.
S1.214: switched to candidate mode.
S1.214: switched to follower mode.
S3.215: switched to candidate mode.
S3.215: switched to follower mode.
S3.216: switched to candidate mode.
S3.216: switched to follower mode.
S1.217: switched to candidate mode.
S1.217: switched to follower mode.
S1.218: switched to candidate mode.
S3.219: switched to candidate mode.
S3.219: switched to follower mode.
S1.219: switched to follower mode.
S3.220: switched to candidate mode.
S3.220: switched to follower mode.
S3.221: switched to candidate mode.
S3.221: switched to follower mode.
S1.222: switched to candidate mode.
S3.223: switched to candidate mode.
S3.223: switched to follower mode.
S1.224: switched to candidate mode.
S1.224: switched to follower mode.
S3.225: switched to candidate mode.
S3.225: switched to follower mode.
S3.226: switched to candidate mode.
S1.227: switched to candidate mode.
S3.227: switched to follower mode.
S1.228: switched to candidate mode.
S1.228: switched to follower mode.
S3.229: switched to candidate mode.
 Server 3 got 3 votes 
S3.229: switched to leader mode.
S3.230: switched to candidate mode.
S3.230: switched to follower mode.
S1.230: switched to candidate mode.
S1.231: switched to candidate mode.
S1.231: switched to follower mode.
 Server 1 got 2 votes 
S1.231: switched to leader mode.
S1.232: switched to candidate mode.
S1.232: switched to follower mode.
S1.233: switched to candidate mode.
S1.233: switched to follower mode.
S1.234: switched to candidate mode.
S1.234: switched to follower mode.
S1.235: switched to candidate mode.
S1.235: switched to follower mode.
S1.236: switched to candidate mode.
S1.236: switched to follower mode.
S1.237: switched to candidate mode.
S1.237: switched to follower mode.
S1.238: switched to candidate mode.
S1.238: switched to follower mode.
S1.239: switched to candidate mode.
S1.239: switched to follower mode.
S1.240: switched to candidate mode.
S1.240: switched to follower mode.
